1751872817.866813 client started (69656): version 3.5a, socket /private/tmp/tmux-501/default, protocol 8
1751872817.866888 on Darwin 24.5.0 Darwin Kernel Version 24.5.0: Tue Apr 22 19:52:00 PDT 2025; root:xnu-11417.121.6~2/RELEASE_ARM64_T6031
1751872817.866905 using libevent 2.1.12-stable select
1751872817.866940 using utf8proc 2.10.0
1751872817.866949 using ncurses 6.5 20240427
1751872817.866982 flags are 0x10010000
1751872817.866990 socket is /private/tmp/tmux-501/default
1751872817.866999 trying connect
1751872817.867038 add peer 0x130008000: 6 (0x0)
1751872817.869177 sending message 111 to peer 0x130008000 (8 bytes)
1751872817.869186 sending message 111 to peer 0x130008000 (8 bytes)
1751872817.869192 sending message 101 to peer 0x130008000 (14 bytes)
1751872817.869197 sending message 109 to peer 0x130008000 (4 bytes)
1751872817.869201 sending message 102 to peer 0x130008000 (13 bytes)
1751872817.869209 sending message 108 to peer 0x130008000 (31 bytes)
1751872817.869214 sending message 112 to peer 0x130008000 (70 bytes)
1751872817.869219 sending message 112 to peer 0x130008000 (5 bytes)
1751872817.869223 sending message 112 to peer 0x130008000 (5 bytes)
1751872817.869227 sending message 112 to peer 0x130008000 (6 bytes)
1751872817.869231 sending message 112 to peer 0x130008000 (6 bytes)
1751872817.869235 sending message 112 to peer 0x130008000 (11 bytes)
1751872817.869239 sending message 112 to peer 0x130008000 (10 bytes)
1751872817.869244 sending message 112 to peer 0x130008000 (13 bytes)
1751872817.869248 sending message 112 to peer 0x130008000 (13 bytes)
1751872817.869252 sending message 112 to peer 0x130008000 (18 bytes)
1751872817.869256 sending message 112 to peer 0x130008000 (11 bytes)
1751872817.869260 sending message 112 to peer 0x130008000 (10 bytes)
1751872817.869264 sending message 112 to peer 0x130008000 (15 bytes)
1751872817.869269 sending message 112 to peer 0x130008000 (21 bytes)
1751872817.869273 sending message 112 to peer 0x130008000 (13 bytes)
1751872817.869277 sending message 112 to peer 0x130008000 (7 bytes)
1751872817.869281 sending message 112 to peer 0x130008000 (13 bytes)
1751872817.869285 sending message 112 to peer 0x130008000 (7 bytes)
1751872817.869289 sending message 112 to peer 0x130008000 (13 bytes)
1751872817.869293 sending message 112 to peer 0x130008000 (9 bytes)
1751872817.869297 sending message 112 to peer 0x130008000 (21 bytes)
1751872817.869301 sending message 112 to peer 0x130008000 (13 bytes)
1751872817.869305 sending message 112 to peer 0x130008000 (8 bytes)
1751872817.869310 sending message 112 to peer 0x130008000 (12 bytes)
1751872817.869314 sending message 112 to peer 0x130008000 (13 bytes)
1751872817.869318 sending message 112 to peer 0x130008000 (9 bytes)
1751872817.869322 sending message 112 to peer 0x130008000 (9 bytes)
1751872817.869326 sending message 112 to peer 0x130008000 (12 bytes)
1751872817.869337 sending message 112 to peer 0x130008000 (8 bytes)
1751872817.869341 sending message 112 to peer 0x130008000 (7 bytes)
1751872817.869345 sending message 112 to peer 0x130008000 (7 bytes)
1751872817.869349 sending message 112 to peer 0x130008000 (9 bytes)
1751872817.869353 sending message 112 to peer 0x130008000 (13 bytes)
1751872817.869357 sending message 112 to peer 0x130008000 (6 bytes)
1751872817.869361 sending message 112 to peer 0x130008000 (9 bytes)
1751872817.869365 sending message 112 to peer 0x130008000 (13 bytes)
1751872817.869370 sending message 112 to peer 0x130008000 (12 bytes)
1751872817.869374 sending message 112 to peer 0x130008000 (8 bytes)
1751872817.869378 sending message 112 to peer 0x130008000 (9 bytes)
1751872817.869382 sending message 112 to peer 0x130008000 (10 bytes)
1751872817.869386 sending message 112 to peer 0x130008000 (10 bytes)
1751872817.869390 sending message 112 to peer 0x130008000 (10 bytes)
1751872817.869394 sending message 112 to peer 0x130008000 (10 bytes)
1751872817.869398 sending message 112 to peer 0x130008000 (11 bytes)
1751872817.869402 sending message 112 to peer 0x130008000 (10 bytes)
1751872817.869406 sending message 112 to peer 0x130008000 (8 bytes)
1751872817.869423 sending message 112 to peer 0x130008000 (11 bytes)
1751872817.869427 sending message 112 to peer 0x130008000 (11 bytes)
1751872817.869430 sending message 112 to peer 0x130008000 (11 bytes)
1751872817.869433 sending message 112 to peer 0x130008000 (8 bytes)
1751872817.869436 sending message 112 to peer 0x130008000 (8 bytes)
1751872817.869439 sending message 112 to peer 0x130008000 (8 bytes)
1751872817.869442 sending message 112 to peer 0x130008000 (10 bytes)
1751872817.869445 sending message 112 to peer 0x130008000 (10 bytes)
1751872817.869448 sending message 112 to peer 0x130008000 (10 bytes)
1751872817.869451 sending message 112 to peer 0x130008000 (10 bytes)
1751872817.869454 sending message 112 to peer 0x130008000 (10 bytes)
1751872817.869457 sending message 112 to peer 0x130008000 (11 bytes)
1751872817.869460 sending message 112 to peer 0x130008000 (11 bytes)
1751872817.869463 sending message 112 to peer 0x130008000 (10 bytes)
1751872817.869466 sending message 112 to peer 0x130008000 (9 bytes)
1751872817.869469 sending message 112 to peer 0x130008000 (9 bytes)
1751872817.869472 sending message 112 to peer 0x130008000 (12 bytes)
1751872817.869475 sending message 112 to peer 0x130008000 (9 bytes)
1751872817.869478 sending message 112 to peer 0x130008000 (6 bytes)
1751872817.869481 sending message 112 to peer 0x130008000 (8 bytes)
1751872817.869484 sending message 112 to peer 0x130008000 (15 bytes)
1751872817.869487 sending message 112 to peer 0x130008000 (13 bytes)
1751872817.869490 sending message 112 to peer 0x130008000 (9 bytes)
1751872817.869493 sending message 112 to peer 0x130008000 (70 bytes)
1751872817.869496 sending message 112 to peer 0x130008000 (69 bytes)
1751872817.869499 sending message 112 to peer 0x130008000 (10 bytes)
1751872817.869502 sending message 112 to peer 0x130008000 (10 bytes)
1751872817.869504 sending message 112 to peer 0x130008000 (8 bytes)
1751872817.869507 sending message 112 to peer 0x130008000 (15 bytes)
1751872817.869510 sending message 112 to peer 0x130008000 (13 bytes)
1751872817.869513 sending message 112 to peer 0x130008000 (10 bytes)
1751872817.869516 sending message 112 to peer 0x130008000 (10 bytes)
1751872817.869519 sending message 112 to peer 0x130008000 (13 bytes)
1751872817.869522 sending message 112 to peer 0x130008000 (9 bytes)
1751872817.869525 sending message 112 to peer 0x130008000 (5 bytes)
1751872817.869528 sending message 112 to peer 0x130008000 (5 bytes)
1751872817.869532 sending message 104 to peer 0x130008000 (0 bytes)
1751872817.869536 sending message 110 to peer 0x130008000 (0 bytes)
1751872817.869539 sending message 107 to peer 0x130008000 (4 bytes)
1751872817.869542 sending message 105 to peer 0x130008000 (15 bytes)
1751872817.869545 sending message 105 to peer 0x130008000 (20 bytes)
1751872817.869548 sending message 105 to peer 0x130008000 (22 bytes)
1751872817.869551 sending message 105 to peer 0x130008000 (51 bytes)
1751872817.869554 sending message 105 to peer 0x130008000 (59 bytes)
1751872817.869557 sending message 105 to peer 0x130008000 (14 bytes)
1751872817.869560 sending message 105 to peer 0x130008000 (47 bytes)
1751872817.869563 sending message 105 to peer 0x130008000 (24 bytes)
1751872817.869566 sending message 105 to peer 0x130008000 (22 bytes)
1751872817.869569 sending message 105 to peer 0x130008000 (37 bytes)
1751872817.869572 sending message 105 to peer 0x130008000 (30 bytes)
1751872817.869575 sending message 105 to peer 0x130008000 (34 bytes)
1751872817.869578 sending message 105 to peer 0x130008000 (60 bytes)
1751872817.869581 sending message 105 to peer 0x130008000 (22 bytes)
1751872817.869584 sending message 105 to peer 0x130008000 (61 bytes)
1751872817.869587 sending message 105 to peer 0x130008000 (17 bytes)
1751872817.869590 sending message 105 to peer 0x130008000 (19 bytes)
1751872817.869593 sending message 105 to peer 0x130008000 (27 bytes)
1751872817.869596 sending message 105 to peer 0x130008000 (42 bytes)
1751872817.869599 sending message 105 to peer 0x130008000 (8 bytes)
1751872817.869602 sending message 105 to peer 0x130008000 (18 bytes)
1751872817.869610 sending message 105 to peer 0x130008000 (32 bytes)
1751872817.869614 sending message 105 to peer 0x130008000 (54 bytes)
1751872817.869617 sending message 105 to peer 0x130008000 (38 bytes)
1751872817.869620 sending message 105 to peer 0x130008000 (10 bytes)
1751872817.869623 sending message 105 to peer 0x130008000 (12 bytes)
1751872817.869626 sending message 105 to peer 0x130008000 (11 bytes)
1751872817.869629 sending message 105 to peer 0x130008000 (938 bytes)
1751872817.869639 sending message 105 to peer 0x130008000 (35 bytes)
1751872817.869642 sending message 105 to peer 0x130008000 (24 bytes)
1751872817.869647 sending message 105 to peer 0x130008000 (15 bytes)
1751872817.869650 sending message 105 to peer 0x130008000 (8 bytes)
1751872817.869653 sending message 105 to peer 0x130008000 (66 bytes)
1751872817.869656 sending message 105 to peer 0x130008000 (19 bytes)
1751872817.869659 sending message 105 to peer 0x130008000 (86 bytes)
1751872817.869662 sending message 105 to peer 0x130008000 (44 bytes)
1751872817.869665 sending message 105 to peer 0x130008000 (18 bytes)
1751872817.869668 sending message 105 to peer 0x130008000 (26 bytes)
1751872817.869671 sending message 105 to peer 0x130008000 (60 bytes)
1751872817.869674 sending message 105 to peer 0x130008000 (57 bytes)
1751872817.869677 sending message 105 to peer 0x130008000 (43 bytes)
1751872817.869680 sending message 105 to peer 0x130008000 (37 bytes)
1751872817.869683 sending message 105 to peer 0x130008000 (13 bytes)
1751872817.869686 sending message 105 to peer 0x130008000 (57 bytes)
1751872817.869690 sending message 105 to peer 0x130008000 (15 bytes)
1751872817.869694 sending message 105 to peer 0x130008000 (14 bytes)
1751872817.869697 sending message 105 to peer 0x130008000 (19 bytes)
1751872817.869700 sending message 105 to peer 0x130008000 (32 bytes)
1751872817.869703 sending message 105 to peer 0x130008000 (11 bytes)
1751872817.869706 sending message 105 to peer 0x130008000 (7 bytes)
1751872817.869709 sending message 105 to peer 0x130008000 (22 bytes)
1751872817.869712 sending message 105 to peer 0x130008000 (43 bytes)
1751872817.869715 sending message 105 to peer 0x130008000 (32 bytes)
1751872817.869719 sending message 105 to peer 0x130008000 (25 bytes)
1751872817.869722 sending message 106 to peer 0x130008000 (0 bytes)
1751872817.869760 sending message 200 to peer 0x130008000 (4 bytes)
1751872817.869765 client loop enter
1751872817.869906 peer 0x130008000 message 303
1751872817.869923 open write file 2 -
1751872817.869944 sending message 305 to peer 0x130008000 (8 bytes)
1751872817.869956 write check file 2
1751872817.869997 peer 0x130008000 message 304
1751872817.870004 write 58 to file 2
1751872817.870009 peer 0x130008000 message 203
1751872817.870013 file 2 58 bytes left
1751872817.870023 write check file 2
1751872817.870027 client loop exit
