1751872827.787345 client started (69687): version 3.5a, socket /private/tmp/tmux-501/default, protocol 8
1751872827.787373 on Darwin 24.5.0 Darwin Kernel Version 24.5.0: Tue Apr 22 19:52:00 PDT 2025; root:xnu-11417.121.6~2/RELEASE_ARM64_T6031
1751872827.787380 using libevent 2.1.12-stable select
1751872827.787385 using utf8proc 2.10.0
1751872827.787388 using ncurses 6.5 20240427
1751872827.787401 flags are 0x18010000
1751872827.787404 socket is /private/tmp/tmux-501/default
1751872827.787414 trying connect
1751872827.787422 connect failed: Connection refused
1751872827.787438 lock file is /private/tmp/tmux-501/default.lock
1751872827.787488 flock succeeded
1751872827.787492 got lock (6)
1751872827.787495 trying connect
1751872827.787499 connect failed: Connection refused
1751872827.787782 add peer 0x140008000: 7 (0x0)
1751872827.789309 sending message 111 to peer 0x140008000 (8 bytes)
1751872827.789316 sending message 111 to peer 0x140008000 (8 bytes)
1751872827.789321 sending message 101 to peer 0x140008000 (15 bytes)
1751872827.789325 sending message 109 to peer 0x140008000 (4 bytes)
1751872827.789328 sending message 102 to peer 0x140008000 (13 bytes)
1751872827.789332 sending message 108 to peer 0x140008000 (31 bytes)
1751872827.789335 sending message 112 to peer 0x140008000 (58 bytes)
1751872827.789339 sending message 112 to peer 0x140008000 (5 bytes)
1751872827.789342 sending message 112 to peer 0x140008000 (5 bytes)
1751872827.789345 sending message 112 to peer 0x140008000 (6 bytes)
1751872827.789348 sending message 112 to peer 0x140008000 (6 bytes)
1751872827.789352 sending message 112 to peer 0x140008000 (11 bytes)
1751872827.789355 sending message 112 to peer 0x140008000 (10 bytes)
1751872827.789358 sending message 112 to peer 0x140008000 (13 bytes)
1751872827.789363 sending message 112 to peer 0x140008000 (14 bytes)
1751872827.789367 sending message 112 to peer 0x140008000 (19 bytes)
1751872827.789371 sending message 112 to peer 0x140008000 (11 bytes)
1751872827.789375 sending message 112 to peer 0x140008000 (10 bytes)
1751872827.789378 sending message 112 to peer 0x140008000 (15 bytes)
1751872827.789381 sending message 112 to peer 0x140008000 (21 bytes)
1751872827.789385 sending message 112 to peer 0x140008000 (13 bytes)
1751872827.789388 sending message 112 to peer 0x140008000 (7 bytes)
1751872827.789391 sending message 112 to peer 0x140008000 (13 bytes)
1751872827.789394 sending message 112 to peer 0x140008000 (7 bytes)
1751872827.789398 sending message 112 to peer 0x140008000 (13 bytes)
1751872827.789401 sending message 112 to peer 0x140008000 (9 bytes)
1751872827.789405 sending message 112 to peer 0x140008000 (21 bytes)
1751872827.789408 sending message 112 to peer 0x140008000 (13 bytes)
1751872827.789411 sending message 112 to peer 0x140008000 (9 bytes)
1751872827.789415 sending message 112 to peer 0x140008000 (16 bytes)
1751872827.789418 sending message 112 to peer 0x140008000 (13 bytes)
1751872827.789421 sending message 112 to peer 0x140008000 (9 bytes)
1751872827.789425 sending message 112 to peer 0x140008000 (9 bytes)
1751872827.789428 sending message 112 to peer 0x140008000 (12 bytes)
1751872827.789431 sending message 112 to peer 0x140008000 (8 bytes)
1751872827.789435 sending message 112 to peer 0x140008000 (8 bytes)
1751872827.789438 sending message 112 to peer 0x140008000 (13 bytes)
1751872827.789442 sending message 112 to peer 0x140008000 (7 bytes)
1751872827.789445 sending message 112 to peer 0x140008000 (7 bytes)
1751872827.789448 sending message 112 to peer 0x140008000 (9 bytes)
1751872827.789451 sending message 112 to peer 0x140008000 (9 bytes)
1751872827.789455 sending message 112 to peer 0x140008000 (15 bytes)
1751872827.789458 sending message 112 to peer 0x140008000 (13 bytes)
1751872827.789461 sending message 112 to peer 0x140008000 (12 bytes)
1751872827.789465 sending message 112 to peer 0x140008000 (8 bytes)
1751872827.789468 sending message 112 to peer 0x140008000 (14 bytes)
1751872827.789471 sending message 112 to peer 0x140008000 (11 bytes)
1751872827.789475 sending message 112 to peer 0x140008000 (9 bytes)
1751872827.789484 sending message 112 to peer 0x140008000 (10 bytes)
1751872827.789487 sending message 112 to peer 0x140008000 (10 bytes)
1751872827.789490 sending message 112 to peer 0x140008000 (10 bytes)
1751872827.789493 sending message 112 to peer 0x140008000 (10 bytes)
1751872827.789495 sending message 112 to peer 0x140008000 (11 bytes)
1751872827.789498 sending message 112 to peer 0x140008000 (12 bytes)
1751872827.789501 sending message 112 to peer 0x140008000 (12 bytes)
1751872827.789503 sending message 112 to peer 0x140008000 (12 bytes)
1751872827.789505 sending message 112 to peer 0x140008000 (12 bytes)
1751872827.789508 sending message 112 to peer 0x140008000 (12 bytes)
1751872827.789511 sending message 112 to peer 0x140008000 (11 bytes)
1751872827.789512 sending message 112 to peer 0x140008000 (11 bytes)
1751872827.789514 sending message 112 to peer 0x140008000 (12 bytes)
1751872827.789517 sending message 112 to peer 0x140008000 (12 bytes)
1751872827.789519 sending message 112 to peer 0x140008000 (12 bytes)
1751872827.789522 sending message 112 to peer 0x140008000 (12 bytes)
1751872827.789525 sending message 112 to peer 0x140008000 (12 bytes)
1751872827.789528 sending message 112 to peer 0x140008000 (9 bytes)
1751872827.789530 sending message 112 to peer 0x140008000 (12 bytes)
1751872827.789533 sending message 112 to peer 0x140008000 (13 bytes)
1751872827.789534 sending message 112 to peer 0x140008000 (13 bytes)
1751872827.789537 sending message 112 to peer 0x140008000 (13 bytes)
1751872827.789539 sending message 112 to peer 0x140008000 (13 bytes)
1751872827.789540 sending message 112 to peer 0x140008000 (13 bytes)
1751872827.789542 sending message 112 to peer 0x140008000 (8 bytes)
1751872827.789545 sending message 112 to peer 0x140008000 (11 bytes)
1751872827.789546 sending message 112 to peer 0x140008000 (11 bytes)
1751872827.789549 sending message 112 to peer 0x140008000 (11 bytes)
1751872827.789551 sending message 112 to peer 0x140008000 (12 bytes)
1751872827.789554 sending message 112 to peer 0x140008000 (12 bytes)
1751872827.789556 sending message 112 to peer 0x140008000 (12 bytes)
1751872827.789559 sending message 112 to peer 0x140008000 (12 bytes)
1751872827.789562 sending message 112 to peer 0x140008000 (13 bytes)
1751872827.789565 sending message 112 to peer 0x140008000 (13 bytes)
1751872827.789567 sending message 112 to peer 0x140008000 (13 bytes)
1751872827.789570 sending message 112 to peer 0x140008000 (8 bytes)
1751872827.789572 sending message 112 to peer 0x140008000 (13 bytes)
1751872827.789575 sending message 112 to peer 0x140008000 (13 bytes)
1751872827.789578 sending message 112 to peer 0x140008000 (13 bytes)
1751872827.789581 sending message 112 to peer 0x140008000 (13 bytes)
1751872827.789584 sending message 112 to peer 0x140008000 (13 bytes)
1751872827.789588 sending message 112 to peer 0x140008000 (12 bytes)
1751872827.789589 sending message 112 to peer 0x140008000 (12 bytes)
1751872827.789592 sending message 112 to peer 0x140008000 (12 bytes)
1751872827.789594 sending message 112 to peer 0x140008000 (12 bytes)
1751872827.789597 sending message 112 to peer 0x140008000 (13 bytes)
1751872827.789599 sending message 112 to peer 0x140008000 (8 bytes)
1751872827.789602 sending message 112 to peer 0x140008000 (13 bytes)
1751872827.789604 sending message 112 to peer 0x140008000 (13 bytes)
1751872827.789607 sending message 112 to peer 0x140008000 (13 bytes)
1751872827.789609 sending message 112 to peer 0x140008000 (13 bytes)
1751872827.789612 sending message 112 to peer 0x140008000 (13 bytes)
1751872827.789614 sending message 112 to peer 0x140008000 (13 bytes)
1751872827.789617 sending message 112 to peer 0x140008000 (13 bytes)
1751872827.789620 sending message 112 to peer 0x140008000 (12 bytes)
1751872827.789622 sending message 112 to peer 0x140008000 (12 bytes)
1751872827.789624 sending message 112 to peer 0x140008000 (12 bytes)
1751872827.789627 sending message 112 to peer 0x140008000 (8 bytes)
1751872827.789630 sending message 112 to peer 0x140008000 (12 bytes)
1751872827.789633 sending message 112 to peer 0x140008000 (13 bytes)
1751872827.789639 sending message 112 to peer 0x140008000 (13 bytes)
1751872827.789641 sending message 112 to peer 0x140008000 (13 bytes)
1751872827.789643 sending message 112 to peer 0x140008000 (13 bytes)
1751872827.789645 sending message 112 to peer 0x140008000 (13 bytes)
1751872827.789647 sending message 112 to peer 0x140008000 (13 bytes)
1751872827.789649 sending message 112 to peer 0x140008000 (13 bytes)
1751872827.789652 sending message 112 to peer 0x140008000 (13 bytes)
1751872827.789654 sending message 112 to peer 0x140008000 (12 bytes)
1751872827.789657 sending message 112 to peer 0x140008000 (10 bytes)
1751872827.789659 sending message 112 to peer 0x140008000 (12 bytes)
1751872827.789662 sending message 112 to peer 0x140008000 (12 bytes)
1751872827.789664 sending message 112 to peer 0x140008000 (12 bytes)
1751872827.789667 sending message 112 to peer 0x140008000 (13 bytes)
1751872827.789669 sending message 112 to peer 0x140008000 (13 bytes)
1751872827.789672 sending message 112 to peer 0x140008000 (13 bytes)
1751872827.789674 sending message 112 to peer 0x140008000 (13 bytes)
1751872827.789677 sending message 112 to peer 0x140008000 (13 bytes)
1751872827.789679 sending message 112 to peer 0x140008000 (13 bytes)
1751872827.789682 sending message 112 to peer 0x140008000 (13 bytes)
1751872827.789685 sending message 112 to peer 0x140008000 (10 bytes)
1751872827.789688 sending message 112 to peer 0x140008000 (13 bytes)
1751872827.789690 sending message 112 to peer 0x140008000 (12 bytes)
1751872827.789693 sending message 112 to peer 0x140008000 (12 bytes)
1751872827.789695 sending message 112 to peer 0x140008000 (12 bytes)
1751872827.789698 sending message 112 to peer 0x140008000 (10 bytes)
1751872827.789701 sending message 112 to peer 0x140008000 (10 bytes)
1751872827.789704 sending message 112 to peer 0x140008000 (10 bytes)
1751872827.789707 sending message 112 to peer 0x140008000 (12 bytes)
1751872827.789709 sending message 112 to peer 0x140008000 (13 bytes)
1751872827.789712 sending message 112 to peer 0x140008000 (13 bytes)
1751872827.789716 sending message 112 to peer 0x140008000 (13 bytes)
1751872827.789718 sending message 112 to peer 0x140008000 (13 bytes)
1751872827.789721 sending message 112 to peer 0x140008000 (13 bytes)
1751872827.789723 sending message 112 to peer 0x140008000 (10 bytes)
1751872827.789726 sending message 112 to peer 0x140008000 (11 bytes)
1751872827.789728 sending message 112 to peer 0x140008000 (12 bytes)
1751872827.789730 sending message 112 to peer 0x140008000 (12 bytes)
1751872827.789733 sending message 112 to peer 0x140008000 (12 bytes)
1751872827.789735 sending message 112 to peer 0x140008000 (12 bytes)
1751872827.789738 sending message 112 to peer 0x140008000 (12 bytes)
1751872827.789740 sending message 112 to peer 0x140008000 (11 bytes)
1751872827.789742 sending message 112 to peer 0x140008000 (12 bytes)
1751872827.789744 sending message 112 to peer 0x140008000 (12 bytes)
1751872827.789747 sending message 112 to peer 0x140008000 (13 bytes)
1751872827.789749 sending message 112 to peer 0x140008000 (13 bytes)
1751872827.789752 sending message 112 to peer 0x140008000 (13 bytes)
1751872827.789754 sending message 112 to peer 0x140008000 (13 bytes)
1751872827.789757 sending message 112 to peer 0x140008000 (13 bytes)
1751872827.789759 sending message 112 to peer 0x140008000 (10 bytes)
1751872827.789761 sending message 112 to peer 0x140008000 (9 bytes)
1751872827.789764 sending message 112 to peer 0x140008000 (12 bytes)
1751872827.789766 sending message 112 to peer 0x140008000 (13 bytes)
1751872827.789768 sending message 112 to peer 0x140008000 (13 bytes)
1751872827.789770 sending message 112 to peer 0x140008000 (13 bytes)
1751872827.789772 sending message 112 to peer 0x140008000 (13 bytes)
1751872827.789774 sending message 112 to peer 0x140008000 (13 bytes)
1751872827.789777 sending message 112 to peer 0x140008000 (9 bytes)
1751872827.789779 sending message 112 to peer 0x140008000 (12 bytes)
1751872827.789793 sending message 112 to peer 0x140008000 (13 bytes)
1751872827.789798 sending message 112 to peer 0x140008000 (13 bytes)
1751872827.789801 sending message 112 to peer 0x140008000 (13 bytes)
1751872827.789803 sending message 112 to peer 0x140008000 (13 bytes)
1751872827.789806 sending message 112 to peer 0x140008000 (13 bytes)
1751872827.789809 sending message 112 to peer 0x140008000 (11 bytes)
1751872827.789812 sending message 112 to peer 0x140008000 (12 bytes)
1751872827.789815 sending message 112 to peer 0x140008000 (13 bytes)
1751872827.789817 sending message 112 to peer 0x140008000 (13 bytes)
1751872827.789820 sending message 112 to peer 0x140008000 (13 bytes)
1751872827.789822 sending message 112 to peer 0x140008000 (13 bytes)
1751872827.789825 sending message 112 to peer 0x140008000 (13 bytes)
1751872827.789827 sending message 112 to peer 0x140008000 (11 bytes)
1751872827.789830 sending message 112 to peer 0x140008000 (12 bytes)
1751872827.789832 sending message 112 to peer 0x140008000 (12 bytes)
1751872827.789835 sending message 112 to peer 0x140008000 (12 bytes)
1751872827.789837 sending message 112 to peer 0x140008000 (12 bytes)
1751872827.789840 sending message 112 to peer 0x140008000 (12 bytes)
1751872827.789843 sending message 112 to peer 0x140008000 (21 bytes)
1751872827.789845 sending message 112 to peer 0x140008000 (12 bytes)
1751872827.789847 sending message 112 to peer 0x140008000 (9 bytes)
1751872827.789850 sending message 112 to peer 0x140008000 (6 bytes)
1751872827.789852 sending message 112 to peer 0x140008000 (13 bytes)
1751872827.789855 sending message 112 to peer 0x140008000 (10 bytes)
1751872827.789857 sending message 112 to peer 0x140008000 (15 bytes)
1751872827.789860 sending message 112 to peer 0x140008000 (13 bytes)
1751872827.789862 sending message 112 to peer 0x140008000 (9 bytes)
1751872827.789865 sending message 112 to peer 0x140008000 (70 bytes)
1751872827.789868 sending message 112 to peer 0x140008000 (69 bytes)
1751872827.789871 sending message 112 to peer 0x140008000 (73 bytes)
1751872827.789874 sending message 112 to peer 0x140008000 (12 bytes)
1751872827.789877 sending message 112 to peer 0x140008000 (10 bytes)
1751872827.789879 sending message 112 to peer 0x140008000 (10 bytes)
1751872827.789882 sending message 112 to peer 0x140008000 (15 bytes)
1751872827.789884 sending message 112 to peer 0x140008000 (13 bytes)
1751872827.789887 sending message 112 to peer 0x140008000 (10 bytes)
1751872827.789890 sending message 112 to peer 0x140008000 (10 bytes)
1751872827.789893 sending message 112 to peer 0x140008000 (17 bytes)
1751872827.789896 sending message 112 to peer 0x140008000 (10 bytes)
1751872827.789899 sending message 112 to peer 0x140008000 (13 bytes)
1751872827.789901 sending message 112 to peer 0x140008000 (15 bytes)
1751872827.789904 sending message 112 to peer 0x140008000 (5 bytes)
1751872827.789907 sending message 104 to peer 0x140008000 (0 bytes)
1751872827.789910 sending message 110 to peer 0x140008000 (0 bytes)
1751872827.789912 sending message 107 to peer 0x140008000 (4 bytes)
1751872827.789915 sending message 105 to peer 0x140008000 (60 bytes)
1751872827.789918 sending message 105 to peer 0x140008000 (66 bytes)
1751872827.789920 sending message 105 to peer 0x140008000 (27 bytes)
1751872827.789922 sending message 105 to peer 0x140008000 (15 bytes)
1751872827.789925 sending message 105 to peer 0x140008000 (22 bytes)
1751872827.789928 sending message 105 to peer 0x140008000 (14 bytes)
1751872827.789931 sending message 105 to peer 0x140008000 (17 bytes)
1751872827.789933 sending message 105 to peer 0x140008000 (35 bytes)
1751872827.789935 sending message 105 to peer 0x140008000 (15 bytes)
1751872827.789938 sending message 105 to peer 0x140008000 (43 bytes)
1751872827.789940 sending message 105 to peer 0x140008000 (24 bytes)
1751872827.789943 sending message 105 to peer 0x140008000 (44 bytes)
1751872827.789944 sending message 105 to peer 0x140008000 (28 bytes)
1751872827.789946 sending message 105 to peer 0x140008000 (23 bytes)
1751872827.789949 sending message 105 to peer 0x140008000 (795 bytes)
1751872827.789956 sending message 105 to peer 0x140008000 (19 bytes)
1751872827.789959 sending message 105 to peer 0x140008000 (20 bytes)
1751872827.789962 sending message 105 to peer 0x140008000 (22 bytes)
1751872827.789964 sending message 105 to peer 0x140008000 (20 bytes)
1751872827.789966 sending message 105 to peer 0x140008000 (86 bytes)
1751872827.789968 sending message 105 to peer 0x140008000 (22 bytes)
1751872827.789970 sending message 105 to peer 0x140008000 (57 bytes)
1751872827.789972 sending message 105 to peer 0x140008000 (15 bytes)
1751872827.789973 sending message 105 to peer 0x140008000 (19 bytes)
1751872827.789976 sending message 105 to peer 0x140008000 (18 bytes)
1751872827.789978 sending message 105 to peer 0x140008000 (54 bytes)
1751872827.789980 sending message 105 to peer 0x140008000 (32 bytes)
1751872827.789983 sending message 105 to peer 0x140008000 (61 bytes)
1751872827.789985 sending message 105 to peer 0x140008000 (8 bytes)
1751872827.789988 sending message 105 to peer 0x140008000 (30 bytes)
1751872827.789990 sending message 105 to peer 0x140008000 (30 bytes)
1751872827.789993 sending message 105 to peer 0x140008000 (37 bytes)
1751872827.789995 sending message 105 to peer 0x140008000 (34 bytes)
1751872827.789998 sending message 105 to peer 0x140008000 (35 bytes)
1751872827.790001 sending message 105 to peer 0x140008000 (32 bytes)
1751872827.790005 sending message 105 to peer 0x140008000 (24 bytes)
1751872827.790010 sending message 105 to peer 0x140008000 (11 bytes)
1751872827.790013 sending message 105 to peer 0x140008000 (8 bytes)
1751872827.790016 sending message 105 to peer 0x140008000 (32 bytes)
1751872827.790018 sending message 105 to peer 0x140008000 (10 bytes)
1751872827.790021 sending message 105 to peer 0x140008000 (51 bytes)
1751872827.790025 sending message 105 to peer 0x140008000 (7 bytes)
1751872827.790027 sending message 105 to peer 0x140008000 (11 bytes)
1751872827.790030 sending message 105 to peer 0x140008000 (59 bytes)
1751872827.790033 sending message 105 to peer 0x140008000 (14 bytes)
1751872827.790037 sending message 105 to peer 0x140008000 (42 bytes)
1751872827.790038 sending message 105 to peer 0x140008000 (47 bytes)
1751872827.790041 sending message 105 to peer 0x140008000 (12 bytes)
1751872827.790043 sending message 105 to peer 0x140008000 (22 bytes)
1751872827.790046 sending message 105 to peer 0x140008000 (25 bytes)
1751872827.790047 sending message 106 to peer 0x140008000 (0 bytes)
1751872827.790081 sending message 200 to peer 0x140008000 (4 bytes)
1751872827.790086 client loop enter
1751872827.790097 client_signal: Child exited: 20
1751872828.153953 peer 0x140008000 message 207
1751872828.153968 sending message 208 to peer 0x140008000 (0 bytes)
1751872835.017422 peer 0x140008000 message 203
1751872835.017438 sending message 205 to peer 0x140008000 (0 bytes)
1751872835.017649 peer 0x140008000 message 204
1751872835.017659 client loop exit
